IHDR
sRGB
gAMA
	pHYs
v9IDATx^
(>Zv
e2>|
28\%]
y22\+
,a`	
<P~^
 8)!
O``	
$_Bn
r2/9
'w|F
{=#	
W>owJ8
Q>lwJ8
xaW~G;
#}>T
a^>K
+wvF
^R~H
M2yQ
X^Tn
/A/'
M2yQ
;#	<Yn
aR>H
<#	<Yn
,d`	
rGf$
,g`	
Yb7K
X"7e(
N	_%]
rkf$
|$&%
Ge^r
s2/9
G)y-9
{4#	
1[.]-t
|<&%
,{i9
_QNt
gc^r
|6&%
OY3#	
fl+<
S1#	
[6cs
_]Nw
Wd`	<D~F
*W~(
#wjF
;5#	
'W~(
H2o)7}(
R~.+
Yby?
R~.+
Wg`	
M2y3
R~.+
Wg`	
Wg`	
{}]jY.7h(
7``	
7``	
7``Yy
(%C)
J9?z
J9o)7}(
s@ixF
)^ENq@ix(
*i<B
{$y(
DZb^
K{C)'r
WIW3
]z{-9
p(iuRB
C)_(
;=vg|+
wx]zx
%g^rf$
>ZWd
@r}6
6#	<N
b`Y	
N	_(
$j^r
R~X/
g^r6K
3R>#	
nC)?
$QwJ
D=Bv
|RBNr;N
Y|]j
y^r^T
{$y(
F7IT
vRB.
tw>$
R;)!
l7#	
$pE.
KY?tg
Kv97
l7)!3
KY?tg
g$aw
&[<Bv
g$a_
;%|F
hbg$
R~pi~F
KY?cs
'Yv.[<N
R~pi~(
VIWC)
;#	\
f$aw
l4/9
<H6}
;#	?J
&%a_
nC)?
/.Kd
*iC)
[%m(
l7#	7I
+p]j
{.+?%
!;NJ
[%m(
4icRB>e
R~]j
5#	G
sYy.
K{C)
~iiw
4?/9
[%m(
ppi~(
I	!r
R~pi~F
Yb'%
VC)?
6#	G
vGmfW
$s^r
[%mRB
R{@ix^r
Y|]j
r(iuF
R~pi~(
lt.+
JC)?
[%gF
R>#	
F'Y6
DC)?
4?#	
l7#	
^'Y6
sRBv
5C)?
t8#	G
f$aRBn
Ybg$
e^|-
t56K`d
Ix	9
7#	7I
t;#	w
OY3#	7I
l:#	
2#	wJ
+vo`
&C)?
r@ix(
6ozL
l=#	'Y6
t5#	?J
WIW3
{]|'
)_-W
gJ'C)
g$aRB
r=Mz`
40#	'Yv
{jww
M7H 
o4/!O
gJ'3
)kf\~[
=7\p2
#wj(
lw(i
lt(i
y#"k
~tZy^
Vz[(
_:}a;
}mK'
K{}a
K{<T.~d
)=?Bv
s@ixh
9;NJ
mx@g
zwJ8<S>
&7H 
Wr^r
&	y!9
R{@i
3)	o 
?q&%
A3/!
?b&%
,?|{e
_]N7
_]N7
p(yp
Ixu9
p(yp
?_/Q
pzpLJ9
Ix99
L:=ef
I	y	9
;=/&
qz^LJ9
ByLOJ
3z^r
?,&%
\"-=Y
O^:_
a1#	
_}{m
S~:_s.Q
rio^r
Oyb>Gz8
t8#	
</f$
<2f$
<Pf$
<Y&%
Oc`	
I	Y(
ToRB
~d`	
~c`	
O``	
IEND
