[backblue.gif]
[fade.gif]
[index.html]
[saturn.picoctf.net_61941/images/loading.gif]
[saturn.picoctf.net_61941/images/mail_icon.png]
[saturn.picoctf.net_61941/images/logo.png]
[saturn.picoctf.net_61941/images/phone_icon.png]
[saturn.picoctf.net_61941/images/banner.jpg]
[saturn.picoctf.net_61941/images/1.png]
[saturn.picoctf.net_61941/images/2.png]
[saturn.picoctf.net_61941/images/3.png]
[saturn.picoctf.net_61941/js/jquery.min.js]
[saturn.picoctf.net_61941/js/popper.min.js]
[saturn.picoctf.net_61941/js/bootstrap.bundle.min.js]
[saturn.picoctf.net_61941/js/owl.carousel.min.js]
[saturn.picoctf.net_61941/js/custom.js]
[saturn.picoctf.net_61941/js/jquery.mCustomScrollbar.concat.min.js]
[saturn.picoctf.net_61941/js/jquery-3.0.0.min.js]
[saturn.picoctf.net_61941/index.html]
[saturn.picoctf.net_61941/css/bootstrap.min.css]
[saturn.picoctf.net_61941/css/owl.carousel.min.css]
[saturn.picoctf.net_61941/css/style.css]
[saturn.picoctf.net_61941/css/responsive.css]
[saturn.picoctf.net_61941/index-2.html]
[saturn.picoctf.net_61941/images/maps-and-flags.html]
[saturn.picoctf.net_61941/css/owl.video.play.html]
[saturn.picoctf.net_61941/images/fevicon.html]
