time,user,fileID
1622482496,m4lwhere,4
1622485614,m4lwhere,4
1622486215,m4lwhere,4
1622486218,m4lwhere,1
1622486221,m4lwhere,1
1622678056,m4lwhere,5
1622678059,m4lwhere,6
1622679247,m4lwhere,1
1622680894,m4lwhere,5
1622708567,m4lwhere,4
1622708573,m4lwhere,4
1622708579,m4lwhere,5
1622710159,m4lwhere,4
1622712633,m4lwhere,4
1622715674,m4lwhere,24
1622715842,m4lwhere,23
1623197471,m4lwhere,25
1623200269,m4lwhere,25
1623236411,m4lwhere,23
1623236571,m4lwhere,26
1623238675,m4lwhere,23
1623238684,m4lwhere,23
1623978778,m4lwhere,32
1639248269,username,32
1639248298,username,32
1639248306,username,32
1639248308,username,32
1639248348,username,32
1639248359,username,32
1639248814,username,1
1639248818,username,2
1639248823,username,3
1639248951,username,5
1639248955,username,31
1639248958,username,33
1639248962,username,35
1639249020,admin123,32
1639249509,urmum,32
1639250696,attacker,32
